<?xml version="1.0" encoding="UTF-8" ?>
<testsuite errors="0" failures="0" hostname="Cross-Surface" name="org.gjt.sp.jedit.textarea.RangeMapTest" skipped="0" tests="8" time="0.021" timestamp="2021-12-15T19:06:06">
  <properties>
    <property name="config.lib.dir" value="lib" />
    <property name="ivy.retrieve.pattern.ivy.instance" value="C:\School\Projects\jedit-f21-team01/lib/[artifact]-[revision](-[classifier]).[ext]" />
    <property name="ivy.local.default.ivy.pattern.ivy.instance" value="[organisation]/[module]/[revision]/[type]s/[artifact].[ext]" />
    <property name="java.vendor.url.ivy.instance" value="https://openjdk.java.net/" />
    <property name="ivy.project.dir.ivy.instance" value="C:\School\Projects\jedit-f21-team01" />
    <property name="ivy.resolve.default.type.filter" value="*" />
    <property name="java.home" value="C:\Program Files\Java\jdk-11.0.13" />
    <property name="ivy.configurations.ivy.instance" value="*" />
    <property name="ivy.basedir.ivy.instance" value="C:\School\Projects\jedit-f21-team01" />
    <property name="ivy.dep.file.ivy.instance" value="ivy.xml" />
    <property name="java.class.path.ivy.instance" value="C:\Software\apache-ant-1.9.16\bin\..\lib\ant-launcher.jar;C:\Software\apache-ant-1.9.16\lib\ant-antlr.jar;C:\Software\apache-ant-1.9.16\lib\ant-apache-bcel.jar;C:\Software\apache-ant-1.9.16\lib\ant-apache-bsf.jar;C:\Software\apache-ant-1.9.16\lib\ant-apache-log4j.jar;C:\Software\apache-ant-1.9.16\lib\ant-apache-oro.jar;C:\Software\apache-ant-1.9.16\lib\ant-apache-regexp.jar;C:\Software\apache-ant-1.9.16\lib\ant-apache-resolver.jar;C:\Software\apache-ant-1.9.16\lib\ant-apache-xalan2.jar;C:\Software\apache-ant-1.9.16\lib\ant-commons-logging.jar;C:\Software\apache-ant-1.9.16\lib\ant-commons-net.jar;C:\Software\apache-ant-1.9.16\lib\ant-jai.jar;C:\Software\apache-ant-1.9.16\lib\ant-javamail.jar;C:\Software\apache-ant-1.9.16\lib\ant-jdepend.jar;C:\Software\apache-ant-1.9.16\lib\ant-jmf.jar;C:\Software\apache-ant-1.9.16\lib\ant-jsch.jar;C:\Software\apache-ant-1.9.16\lib\ant-junit.jar;C:\Software\apache-ant-1.9.16\lib\ant-junit4.jar;C:\Software\apache-ant-1.9.16\lib\ant-launcher.jar;C:\Software\apache-ant-1.9.16\lib\ant-netrexx.jar;C:\Software\apache-ant-1.9.16\lib\ant-swing.jar;C:\Software\apache-ant-1.9.16\lib\ant-testutil.jar;C:\Software\apache-ant-1.9.16\lib\ant.jar" />
    <property name="ivy.home" value="C:\Users\tahme\.ivy2" />
    <property name="java.vm.specification.vendor.ivy.instance" value="Oracle Corporation" />
    <property name="sun.os.patch.level" value="" />
    <property name="ivy.dep.file" value="ivy.xml" />
    <property name="java.vendor.url" value="https://openjdk.java.net/" />
    <property name="ivy.local.default.artifact.pattern.ivy.instance" value="[organisation]/[module]/[revision]/[type]s/[artifact].[ext]" />
    <property name="ivy.lib.dir.ivy.instance" value="C:\School\Projects\jedit-f21-team01/lib" />
    <property name="java.version" value="11.0.13" />
    <property name="sun.stdout.encoding" value="cp437" />
    <property name="ivy.conf.dir.ivy.instance" value="C:\School\Projects\jedit-f21-team01\build" />
    <property name="sun.boot.library.path.ivy.instance" value="C:\Program Files\Java\jdk-11.0.13\bin" />
    <property name="ivy.report.output.pattern.ivy.instance" value="[organisation]-[module]-[conf].[ext]" />
    <property name="ivy.done" value="true" />
    <property name="ivy.module" value="jedit" />
    <property name="ivy.publish.src.artifacts.pattern.ivy.instance" value="C:\School\Projects\jedit-f21-team01/distrib/[type]s/[artifact]-[revision](-[classifier]).[ext]" />
    <property name="java.vendor.url.bug" value="https://bugreport.java.com/bugreport/" />
    <property name="java.version.date" value="2021-10-19" />
    <property name="sun.management.compiler.ivy.instance" value="HotSpot 64-Bit Tiered Compilers" />
    <property name="ant.project.invoked-targets" value="build" />
    <property name="ivy.local.default.artifact.pattern" value="[organisation]/[module]/[revision]/[type]s/[artifact].[ext]" />
    <property name="jdk.debug" value="release" />
    <property name="os.name.ivy.instance" value="Windows 10" />
    <property name="ivy.default.ivy.user.dir.ivy.instance" value="C:\Users\tahme\.ivy2" />
    <property name="ivy.default.always.check.exact.revision" value="false" />
    <property name="user.name" value="tahme" />
    <property name="ivy.default.settings.dir.ivy.instance" value="jar:file:/C:/School/Projects/jedit-f21-team01/lib/ivy/ivy-2.2.0.jar!/org/apache/ivy/core/settings" />
    <property name="sun.io.unicode.encoding" value="UnicodeLittle" />
    <property name="ivy.shared.default.root.ivy.instance" value="C:\Users\tahme\.ivy2/shared" />
    <property name="sun.jnu.encoding" value="Cp1252" />
    <property name="java.runtime.name" value="Java(TM) SE Runtime Environment" />
    <property name="ant.home.ivy.instance" value="C:\Software\apache-ant-1.9.16\bin\.." />
    <property name="file.encoding.ivy.instance" value="Cp1252" />
    <property name="ivy.cache.ttl.default.ivy.instance" value="10s" />
    <property name="java.specification.vendor.ivy.instance" value="Oracle Corporation" />
    <property name="ivy.conf.file.ivy.instance" value="C:\School\Projects\jedit-f21-team01\build\ivysettings.xml" />
    <property name="java.vendor.ivy.instance" value="Oracle Corporation" />
    <property name="lib.dir" value="C:\School\Projects\jedit-f21-team01\lib" />
    <property name="sun.cpu.isalist.ivy.instance" value="amd64" />
    <property name="java.specification.name" value="Java Platform API Specification" />
    <property name="user.timezone" value="" />
    <property name="java.vendor.version.ivy.instance" value="18.9" />
    <property name="user.script" value="" />
    <property name="path.separator" value=";" />
    <property name="config.dist.dir" value="dist" />
    <property name="java.class.version.ivy.instance" value="55.0" />
    <property name="ivy.default.conf.dir" value="jar:file:/C:/School/Projects/jedit-f21-team01/lib/ivy/ivy-2.2.0.jar!/org/apache/ivy/core/settings" />
    <property name="file.encoding" value="Cp1252" />
    <property name="java.runtime.name.ivy.instance" value="Java(TM) SE Runtime Environment" />
    <property name="jedit.version.final" value="true" />
    <property name="ivy.resolve.default.type.filter.ivy.instance" value="*" />
    <property name="ant.project.default-target" value="build" />
    <property name="win.filename" value="jedit5.6.0install" />
    <property name="ivy.targets.copied" value="false" />
    <property name="sun.java.command" value="org.apache.tools.ant.taskdefs.optional.junit.JUnitTestRunner testsfile=C:\School\Projects\jedit-f21-team01\junittestcases12025475361335759125.properties skipNonTests=false filtertrace=true haltOnError=false haltOnFailure=false formatter=org.apache.tools.ant.taskdefs.optional.junit.SummaryJUnitResultFormatter showoutput=true outputtoformatters=true logfailedtests=true threadid=0 logtestlistenerevents=true formatter=org.apache.tools.ant.taskdefs.optional.junit.XMLJUnitResultFormatter,C:\School\Projects\jedit-f21-team01\build\test\raw-reports\IGNORETHIS.xml crashfile=C:\School\Projects\jedit-f21-team01\junitvmwatcher5108936301299007828.properties propsfile=C:\School\Projects\jedit-f21-team01\junit15015988790499463640.properties" />
    <property name="ivy.shared.default.artifact.pattern" value="[organisation]/[module]/[revision]/[type]s/[artifact].[ext]" />
    <property name="ant.file" value="C:\School\Projects\jedit-f21-team01\build.xml" />
    <property name="ivy.distrib.dir.ivy.instance" value="C:\School\Projects\jedit-f21-team01/distrib" />
    <property name="ivy.checksums.ivy.instance" value="sha1,md5" />
    <property name="sun.arch.data.model.ivy.instance" value="64" />
    <property name="ivy.build.artifacts.dir.ivy.instance" value="C:\School\Projects\jedit-f21-team01/build/artifacts" />
    <property name="user.variant.ivy.instance" value="" />
    <property name="ivy.settings.file" value="ivysettings.xml" />
    <property name="java.io.tmpdir" value="C:\Users\tahme\AppData\Local\Temp\" />
    <property name="ivy.buildlist.ivyfilepath.ivy.instance" value="ivy.xml" />
    <property name="ivy.cache.ttl.default" value="10s" />
    <property name="user.language" value="en" />
    <property name="user.dir.ivy.instance" value="C:\School\Projects\jedit-f21-team01" />
    <property name="ivy.home.ivy.instance" value="C:\Users\tahme\.ivy2" />
    <property name="line.separator" value="&#xd;&#xa;" />
    <property name="java.specification.version.ivy.instance" value="11" />
    <property name="ant.file.type" value="file" />
    <property name="ivy.build.artifacts.dir" value="C:\School\Projects\jedit-f21-team01/build/artifacts" />
    <property name="src.archive.filename" value="jedit5.6.0source.tar.bz2" />
    <property name="sun.io.unicode.encoding.ivy.instance" value="UnicodeLittle" />
    <property name="ivy.status" value="integration" />
    <property name="java.vm.info" value="mixed mode" />
    <property name="ivy.lib.dir" value="C:\School\Projects\jedit-f21-team01/lib" />
    <property name="jedit.build.number" value="05.06.99.00" />
    <property name="sun.desktop" value="windows" />
    <property name="java.vm.specification.name" value="Java Virtual Machine Specification" />
    <property name="ivy.default.conf.dir.ivy.instance" value="jar:file:/C:/School/Projects/jedit-f21-team01/lib/ivy/ivy-2.2.0.jar!/org/apache/ivy/core/settings" />
    <property name="java.vm.compressedOopsMode.ivy.instance" value="Zero based" />
    <property name="java.vm.version.ivy.instance" value="11.0.13+10-LTS-370" />
    <property name="user.name.ivy.instance" value="tahme" />
    <property name="config.build.compilerarg" value="-Xlint:unchecked -Xlint:finally -Xlint:fallthrough -Xmaxwarns 1000" />
    <property name="ivy.cache.dir" value="C:\Users\tahme\.ivy2\cache" />
    <property name="java.awt.printerjob" value="sun.awt.windows.WPrinterJob" />
    <property name="jedit.plugins.artifact.patterns" value="&lt;artifact pattern=&quot;jar:http://ayera.dl.sourceforge.net/project/jedit-plugins/[artifact]/[revision]/[artifact]-[revision]-bin.zip!/[artifact].jar&quot; /&gt;&#xa;&lt;artifact pattern=&quot;jar:http://cfhcable.dl.sourceforge.net/project/jedit-plugins/[artifact]/[revision]/[artifact]-[revision]-bin.zip!/[artifact].jar&quot; /&gt;&#xa;&lt;artifact pattern=&quot;jar:http://deac-ams.dl.sourceforge.net/project/jedit-plugins/[artifact]/[revision]/[artifact]-[revision]-bin.zip!/[artifact].jar&quot; /&gt;&#xa;&lt;artifact pattern=&quot;jar:http://deac-fra.dl.sourceforge.net/project/jedit-plugins/[artifact]/[revision]/[artifact]-[revision]-bin.zip!/[artifact].jar&quot; /&gt;&#xa;&lt;artifact pattern=&quot;jar:http://deac-riga.dl.sourceforge.net/project/jedit-plugins/[artifact]/[revision]/[artifact]-[revision]-bin.zip!/[artifact].jar&quot; /&gt;&#xa;&lt;artifact pattern=&quot;jar:http://freefr.dl.sourceforge.net/project/jedit-plugins/[artifact]/[revision]/[artifact]-[revision]-bin.zip!/[artifact].jar&quot; /&gt;&#xa;&lt;artifact pattern=&quot;jar:http://gigenet.dl.sourceforge.net/project/jedit-plugins/[artifact]/[revision]/[artifact]-[revision]-bin.zip!/[artifact].jar&quot; /&gt;&#xa;&lt;artifact pattern=&quot;jar:http://iweb.dl.sourceforge.net/project/jedit-plugins/[artifact]/[revision]/[artifact]-[revision]-bin.zip!/[artifact].jar&quot; /&gt;&#xa;&lt;artifact pattern=&quot;jar:http://jaist.dl.sourceforge.net/project/jedit-plugins/[artifact]/[revision]/[artifact]-[revision]-bin.zip!/[artifact].jar&quot; /&gt;&#xa;&lt;artifact pattern=&quot;jar:http://jztkft.dl.sourceforge.net/project/jedit-plugins/[artifact]/[revision]/[artifact]-[revision]-bin.zip!/[artifact].jar&quot; /&gt;&#xa;&lt;artifact pattern=&quot;jar:http://kumisystems.dl.sourceforge.net/project/jedit-plugins/[artifact]/[revision]/[artifact]-[revision]-bin.zip!/[artifact].jar&quot; /&gt;&#xa;&lt;artifact pattern=&quot;jar:http://managedway.dl.sourceforge.net/project/jedit-plugins/[artifact]/[revision]/[artifact]-[revision]-bin.zip!/[artifact].jar&quot; /&gt;&#xa;&lt;artifact pattern=&quot;jar:http://nchc.dl.sourceforge.net/project/jedit-plugins/[artifact]/[revision]/[artifact]-[revision]-bin.zip!/[artifact].jar&quot; /&gt;&#xa;&lt;artifact pattern=&quot;jar:http://netactuate.dl.sourceforge.net/project/jedit-plugins/[artifact]/[revision]/[artifact]-[revision]-bin.zip!/[artifact].jar&quot; /&gt;&#xa;&lt;artifact pattern=&quot;jar:http://netcologne.dl.sourceforge.net/project/jedit-plugins/[artifact]/[revision]/[artifact]-[revision]-bin.zip!/[artifact].jar&quot; /&gt;&#xa;&lt;artifact pattern=&quot;jar:http://netix.dl.sourceforge.net/project/jedit-plugins/[artifact]/[revision]/[artifact]-[revision]-bin.zip!/[artifact].jar&quot; /&gt;&#xa;&lt;artifact pattern=&quot;jar:http://phoenixnap.dl.sourceforge.net/project/jedit-plugins/[artifact]/[revision]/[artifact]-[revision]-bin.zip!/[artifact].jar&quot; /&gt;&#xa;&lt;artifact pattern=&quot;jar:http://pilotfiber.dl.sourceforge.net/project/jedit-plugins/[artifact]/[revision]/[artifact]-[revision]-bin.zip!/[artifact].jar&quot; /&gt;&#xa;&lt;artifact pattern=&quot;jar:http://razaoinfo.dl.sourceforge.net/project/jedit-plugins/[artifact]/[revision]/[artifact]-[revision]-bin.zip!/[artifact].jar&quot; /&gt;&#xa;&lt;artifact pattern=&quot;jar:http://tenet.dl.sourceforge.net/project/jedit-plugins/[artifact]/[revision]/[artifact]-[revision]-bin.zip!/[artifact].jar&quot; /&gt;&#xa;&lt;artifact pattern=&quot;jar:http://udomain.dl.sourceforge.net/project/jedit-plugins/[artifact]/[revision]/[artifact]-[revision]-bin.zip!/[artifact].jar&quot; /&gt;&#xa;&lt;artifact pattern=&quot;jar:http://ufpr.dl.sourceforge.net/project/jedit-plugins/[artifact]/[revision]/[artifact]-[revision]-bin.zip!/[artifact].jar&quot; /&gt;&#xa;&lt;artifact pattern=&quot;jar:http://versaweb.dl.sourceforge.net/project/jedit-plugins/[artifact]/[revision]/[artifact]-[revision]-bin.zip!/[artifact].jar&quot; /&gt;&#xa;&lt;artifact pattern=&quot;jar:http://vorboss.dl.sourceforge.net/project/jedit-plugins/[artifact]/[revision]/[artifact]-[revision]-bin.zip!/[artifact].jar&quot; /&gt;&#xa;" />
    <property name="java.io.tmpdir.ivy.instance" value="C:\Users\tahme\AppData\Local\Temp\" />
    <property name="jar.location" value="C:\School\Projects\jedit-f21-team01\build" />
    <property name="java.home.ivy.instance" value="C:\Program Files\Java\jdk-11.0.13" />
    <property name="ant.version" value="Apache Ant(TM) version 1.9.16 compiled on July 10 2021" />
    <property name="java.vm.vendor.ivy.instance" value="Oracle Corporation" />
    <property name="jedit.version" value="5.6.0" />
    <property name="user.script.ivy.instance" value="" />
    <property name="ivy.default.settings.dir" value="jar:file:/C:/School/Projects/jedit-f21-team01/lib/ivy/ivy-2.2.0.jar!/org/apache/ivy/core/settings" />
    <property name="ivy.configurations" value="*" />
    <property name="ivy.settings.url" value="file:/C:/School/Projects/jedit-f21-team01/build/ivysettings.xml" />
    <property name="os.name" value="Windows 10" />
    <property name="java.specification.vendor" value="Oracle Corporation" />
    <property name="sun.jnu.encoding.ivy.instance" value="Cp1252" />
    <property name="ivy.deliver.ivy.pattern.ivy.instance" value="C:\School\Projects\jedit-f21-team01/distrib/[type]s/[artifact]-[revision](-[classifier]).[ext]" />
    <property name="manual.filename.prefix" value="jedit5.6.0manual-" />
    <property name="ivy.checksums" value="sha1,md5" />
    <property name="ant.file.jedit" value="C:\School\Projects\jedit-f21-team01\build.xml" />
    <property name="java.vm.name" value="Java HotSpot(TM) 64-Bit Server VM" />
    <property name="ivy.log.modules.in.use" value="false" />
    <property name="ivy.jar.file" value="C:\School\Projects\jedit-f21-team01\lib\ivy\ivy-2.2.0.jar" />
    <property name="java.runtime.version.ivy.instance" value="11.0.13+10-LTS-370" />
    <property name="ivy.report.output.pattern" value="[organisation]-[module]-[conf].[ext]" />
    <property name="ivy.version" value="2.2.0" />
    <property name="ivy.conf.url" value="file:/C:/School/Projects/jedit-f21-team01/build/ivysettings.xml" />
    <property name="java.library.path" value="C:\Program Files\Java\jdk-11.0.13\bin;C:\WINDOWS\Sun\Java\bin;C:\WINDOWS\system32;C:\WINDOWS;C:\WINDOWS\system32;C:\WINDOWS;C:\WINDOWS\System32\Wbem;C:\WINDOWS\System32\WindowsPowerShell\v1.0\;C:\WINDOWS\System32\OpenSSH\;C:\Program Files\Docker\Docker\resources\bin;C:\ProgramData\DockerDesktop\version-bin;C:\Program Files\Git\cmd;C:\Software\apache-ant-1.9.16\bin;C:\Program Files\Java\jdk-11.0.13\bin;C:\Users\tahme\AppData\Local\Microsoft\WindowsApps;;C:\Users\tahme\AppData\Local\Programs\Microsoft VS Code\bin;." />
    <property name="java.vm.name.ivy.instance" value="Java HotSpot(TM) 64-Bit Server VM" />
    <property name="os.version.ivy.instance" value="10.0" />
    <property name="line.separator.ivy.instance" value="&#xd;&#xa;" />
    <property name="ant.java.version" value="11" />
    <property name="sun.desktop.ivy.instance" value="windows" />
    <property name="sun.cpu.endian.ivy.instance" value="little" />
    <property name="mac.disk.image.filename" value="jedit5.6.0install.dmg" />
    <property name="java.vm.specification.name.ivy.instance" value="Java Virtual Machine Specification" />
    <property name="basedir" value="C:\School\Projects\jedit-f21-team01" />
    <property name="java.class.version" value="55.0" />
    <property name="ivy.settings.url.ivy.instance" value="file:/C:/School/Projects/jedit-f21-team01/build/ivysettings.xml" />
    <property name="path.separator.ivy.instance" value=";" />
    <property name="ant.home" value="C:\Software\apache-ant-1.9.16\bin\.." />
    <property name="ivy.jar.filename" value="ivy-2.2.0.jar" />
    <property name="ivy.resolved.configurations" value="default, master, compile, runtime, test, provided, sources, javadoc, ant-contrib, docbook, fop, launch4j, scripting, default-plugins, appbundler" />
    <property name="dist.jar.filename" value="jedit5.6.0install.jar" />
    <property name="config.ivy.version" value="2.2.0" />
    <property name="jdk.debug.ivy.instance" value="release" />
    <property name="config.build.deprecation" value="true" />
    <property name="ivy.deliver.ivy.pattern" value="C:\School\Projects\jedit-f21-team01/distrib/[type]s/[artifact]-[revision](-[classifier]).[ext]" />
    <property name="build.dir" value="C:\School\Projects\jedit-f21-team01\build" />
    <property name="sun.boot.library.path" value="C:\Program Files\Java\jdk-11.0.13\bin" />
    <property name="java.library.path.ivy.instance" value="C:\Program Files\Java\jdk-11.0.13\bin;C:\WINDOWS\Sun\Java\bin;C:\WINDOWS\system32;C:\WINDOWS;C:\WINDOWS\system32;C:\WINDOWS;C:\WINDOWS\System32\Wbem;C:\WINDOWS\System32\WindowsPowerShell\v1.0\;C:\WINDOWS\System32\OpenSSH\;C:\Program Files\Docker\Docker\resources\bin;C:\ProgramData\DockerDesktop\version-bin;C:\Program Files\Git\cmd;C:\Software\apache-ant-1.9.16\bin;C:\Program Files\Java\jdk-11.0.13\bin;C:\Users\tahme\AppData\Local\Microsoft\WindowsApps;;C:\Users\tahme\AppData\Local\Programs\Microsoft VS Code\bin;." />
    <property name="ivy.default.always.check.exact.revision.ivy.instance" value="false" />
    <property name="awt.toolkit.ivy.instance" value="sun.awt.windows.WToolkit" />
    <property name="ivy.jar.present" value="true" />
    <property name="ivy.basedir" value="C:\School\Projects\jedit-f21-team01" />
    <property name="sun.management.compiler" value="HotSpot 64-Bit Tiered Compilers" />
    <property name="user.variant" value="" />
    <property name="java.awt.graphicsenv" value="sun.awt.Win32GraphicsEnvironment" />
    <property name="ivy.log.modules.in.use.ivy.instance" value="false" />
    <property name="sun.os.patch.level.ivy.instance" value="" />
    <property name="ivy.resolver.default.check.modified" value="false" />
    <property name="ivy.shared.default.ivy.pattern" value="[organisation]/[module]/[revision]/[type]s/[artifact].[ext]" />
    <property name="ivy.settings.file.ivy.instance" value="C:\School\Projects\jedit-f21-team01\build\ivysettings.xml" />
    <property name="ivy.nb.targets.copied" value="0" />
    <property name="ant.project.name" value="jedit" />
    <property name="java.vm.specification.version" value="11" />
    <property name="ivy.cache.dir.ivy.instance" value="C:\Users\tahme\.ivy2\cache" />
    <property name="ivy.status.ivy.instance" value="integration" />
    <property name="awt.toolkit" value="sun.awt.windows.WToolkit" />
    <property name="sun.cpu.isalist" value="amd64" />
    <property name="sun.stderr.encoding" value="cp437" />
    <property name="java.vm.compressedOopsMode" value="Zero based" />
    <property name="file.separator.ivy.instance" value="\" />
    <property name="ivy.local.default.root.ivy.instance" value="C:\Users\tahme\.ivy2/local" />
    <property name="ivy.deps.changed" value="false" />
    <property name="os.version" value="10.0" />
    <property name="user.home" value="C:\Users\tahme" />
    <property name="sun.java.launcher.ivy.instance" value="SUN_STANDARD" />
    <property name="java.vm.vendor" value="Oracle Corporation" />
    <property name="ivy.local.default.root" value="C:\Users\tahme\.ivy2/local" />
    <property name="ivy.organisation" value="org.jedit" />
    <property name="user.dir" value="C:\School\Projects\jedit-f21-team01" />
    <property name="java.version.date.ivy.instance" value="2021-10-19" />
    <property name="ant.library.dir.ivy.instance" value="C:\Software\apache-ant-1.9.16\lib" />
    <property name="ivy.local.default.ivy.pattern" value="[organisation]/[module]/[revision]/[type]s/[artifact].[ext]" />
    <property name="ivy.shared.default.ivy.pattern.ivy.instance" value="[organisation]/[module]/[revision]/[type]s/[artifact].[ext]" />
    <property name="ivy.publish.src.artifacts.pattern" value="C:\School\Projects\jedit-f21-team01/distrib/[type]s/[artifact]-[revision](-[classifier]).[ext]" />
    <property name="java.vm.info.ivy.instance" value="mixed mode" />
    <property name="sun.java.command.ivy.instance" value="org.apache.tools.ant.launch.Launcher" />
    <property name="ivy.distrib.dir" value="C:\School\Projects\jedit-f21-team01/distrib" />
    <property name="sun.cpu.endian" value="little" />
    <property name="ivy.revision" value="working@Cross-Surface" />
    <property name="user.timezone.ivy.instance" value="Asia/Dhaka" />
    <property name="java.vm.version" value="11.0.13+10-LTS-370" />
    <property name="java.class.path" value="C:\School\Projects\jedit-f21-team01\lib\test\apiguardian-api.jar;C:\School\Projects\jedit-f21-team01\lib\test\byte-buddy-agent.jar;C:\School\Projects\jedit-f21-team01\lib\test\byte-buddy.jar;C:\School\Projects\jedit-f21-team01\lib\test\hamcrest-core.jar;C:\School\Projects\jedit-f21-team01\lib\test\hamcrest-library.jar;C:\School\Projects\jedit-f21-team01\lib\test\hamcrest.jar;C:\School\Projects\jedit-f21-team01\lib\test\jsr305.jar;C:\School\Projects\jedit-f21-team01\lib\test\junit-jupiter-api.jar;C:\School\Projects\jedit-f21-team01\lib\test\junit-platform-commons.jar;C:\School\Projects\jedit-f21-team01\lib\test\junit.jar;C:\School\Projects\jedit-f21-team01\lib\test\mockito-core.jar;C:\School\Projects\jedit-f21-team01\lib\test\mockito-junit-jupiter.jar;C:\School\Projects\jedit-f21-team01\lib\test\objenesis.jar;C:\School\Projects\jedit-f21-team01\lib\test\opentest4j.jar;C:\School\Projects\jedit-f21-team01\build\classes\core;C:\School\Projects\jedit-f21-team01\build\classes\test;C:\Software\apache-ant-1.9.16\lib\ant.jar;C:\Software\apache-ant-1.9.16\lib\ant-junit.jar;C:\Software\apache-ant-1.9.16\lib\ant-junit4.jar" />
    <property name="sun.stderr.encoding.ivy.instance" value="cp437" />
    <property name="ivy.default.ivy.user.dir" value="C:\Users\tahme\.ivy2" />
    <property name="config.build.debuglevel" value="lines,vars,source" />
    <property name="user.home.ivy.instance" value="C:\Users\tahme" />
    <property name="basedir.ivy.instance" value="C:\School\Projects\jedit-f21-team01" />
    <property name="ant.library.dir" value="C:\Software\apache-ant-1.9.16\lib" />
    <property name="os.arch" value="amd64" />
    <property name="ivy.conf.file" value="C:\School\Projects\jedit-f21-team01\build\ivysettings.xml" />
    <property name="ivy.jar.dir" value="C:\School\Projects\jedit-f21-team01\lib\ivy" />
    <property name="java.awt.graphicsenv.ivy.instance" value="sun.awt.Win32GraphicsEnvironment" />
    <property name="java.vendor.url.bug.ivy.instance" value="https://bugreport.java.com/bugreport/" />
    <property name="dist.dir" value="C:\School\Projects\jedit-f21-team01\dist" />
    <property name="java.vm.specification.version.ivy.instance" value="11" />
    <property name="sun.java.launcher" value="SUN_STANDARD" />
    <property name="classes.dir" value="C:\School\Projects\jedit-f21-team01\build\classes" />
    <property name="init.done" value="true" />
    <property name="java.awt.printerjob.ivy.instance" value="sun.awt.windows.WPrinterJob" />
    <property name="ivy.settings.dir.ivy.instance" value="C:\School\Projects\jedit-f21-team01\build" />
    <property name="ant.core.lib" value="C:\Software\apache-ant-1.9.16\lib\ant.jar" />
    <property name="ivy.resolver.default.check.modified.ivy.instance" value="false" />
    <property name="ivy.settings.dir" value="C:\School\Projects\jedit-f21-team01\build" />
    <property name="java.vm.specification.vendor" value="Oracle Corporation" />
    <property name="file.separator" value="\" />
    <property name="user.language.ivy.instance" value="en" />
    <property name="ivy.shared.default.artifact.pattern.ivy.instance" value="[organisation]/[module]/[revision]/[type]s/[artifact].[ext]" />
    <property name="user.country.ivy.instance" value="US" />
    <property name="ivy.conf.url.ivy.instance" value="file:/C:/School/Projects/jedit-f21-team01/build/ivysettings.xml" />
    <property name="java.specification.name.ivy.instance" value="Java Platform API Specification" />
    <property name="java.runtime.version" value="11.0.13+10-LTS-370" />
    <property name="ivy.conf.dir" value="C:\School\Projects\jedit-f21-team01\build" />
    <property name="config.build.dir" value="build" />
    <property name="ivy.retrieve.pattern" value="C:\School\Projects\jedit-f21-team01\lib/[conf]/[artifact](-[classifier]).[ext]" />
    <property name="jar.filename" value="jedit.jar" />
    <property name="textAreaPackage" value="C:\School\Projects\textarea" />
    <property name="user.country" value="US" />
    <property name="ivy.shared.default.root" value="C:\Users\tahme\.ivy2/shared" />
    <property name="ant.file.type.jedit" value="file" />
    <property name="java.version.ivy.instance" value="11.0.13" />
    <property name="ivy.resolved.file" value="C:\School\Projects\jedit-f21-team01\ivy.xml" />
    <property name="sun.stdout.encoding.ivy.instance" value="cp437" />
    <property name="target.java.version" value="11" />
    <property name="java.vendor.version" value="18.9" />
    <property name="os.arch.ivy.instance" value="amd64" />
    <property name="java.vendor" value="Oracle Corporation" />
    <property name="ivy.project.dir" value="C:\School\Projects\jedit-f21-team01" />
    <property name="java.specification.version" value="11" />
    <property name="ivy.buildlist.ivyfilepath" value="ivy.xml" />
    <property name="sun.arch.data.model" value="64" />
    <property name="config.build.nowarn" value="false" />
  </properties>
  <testcase classname="org.gjt.sp.jedit.textarea.RangeMapTest" name="search" time="0.009" />
  <testcase classname="org.gjt.sp.jedit.textarea.RangeMapTest" name="copy" time="0.002" />
  <testcase classname="org.gjt.sp.jedit.textarea.RangeMapTest" name="hide" time="0.0" />
  <testcase classname="org.gjt.sp.jedit.textarea.RangeMapTest" name="last" time="0.0" />
  <testcase classname="org.gjt.sp.jedit.textarea.RangeMapTest" name="show" time="0.001" />
  <testcase classname="org.gjt.sp.jedit.textarea.RangeMapTest" name="first" time="0.001" />
  <testcase classname="org.gjt.sp.jedit.textarea.RangeMapTest" name="last2" time="0.0" />
  <testcase classname="org.gjt.sp.jedit.textarea.RangeMapTest" name="preContentRemoved" time="0.0" />
  <system-out><![CDATA[]]></system-out>
  <system-err><![CDATA[]]></system-err>
</testsuite>
